[20-Mar-2026 17:15:48 UTC] PHP Warning:  Undefined array key "host" in /workspaces/UX221-lab6/.wordpress/wp-includes/pluggable.php on line 1721
[20-Mar-2026 17:50:46 UTC] PHP Warning:  Undefined variable $parent_theme_name in /workspaces/UX221-lab6/.wordpress/wp-content/mu-plugins/one-click-child-theme/templates/create_child_form.php on line 18
[20-Mar-2026 17:50:59 UTC] PHP Warning:  Undefined variable $parent_theme_name in /workspaces/UX221-lab6/.wordpress/wp-content/mu-plugins/one-click-child-theme/templates/create_child_form.php on line 18
[20-Mar-2026 17:57:41 UTC] PHP Warning:  strtotime(): Epoch doesn't fit in a PHP integer in /workspaces/UX221-lab6/.wordpress/wp-admin/includes/meta-boxes.php on line 381
[20-Mar-2026 18:11:52 UTC] PHP Fatal error:  Uncaught RuntimeException: GuzzleHttp requires cURL, the allow_url_fopen ini setting, or a custom HTTP handler. in /workspaces/UX221-lab6/.wordpress/wp-content/plugins/google-site-kit/third-party/guzzlehttp/guzzle/src/Utils.php:93
Stack trace:
#0 /workspaces/UX221-lab6/.wordpress/wp-content/plugins/google-site-kit/third-party/guzzlehttp/guzzle/src/HandlerStack.php(45): Google\Site_Kit_Dependencies\GuzzleHttp\Utils::chooseHandler()
#1 /workspaces/UX221-lab6/.wordpress/wp-content/plugins/google-site-kit/third-party/guzzlehttp/guzzle/src/Client.php(57): Google\Site_Kit_Dependencies\GuzzleHttp\HandlerStack::create()
#2 /workspaces/UX221-lab6/.wordpress/wp-content/plugins/google-site-kit/third-party/google/apiclient/src/Client.php(1004): Google\Site_Kit_Dependencies\GuzzleHttp\Client->__construct(Array)
#3 /workspaces/UX221-lab6/.wordpress/wp-content/plugins/google-site-kit/third-party/google/apiclient/src/Client.php(966): Google\Site_Kit_Dependencies\Google\Client->createDefaultHttpClient()
#4 /workspaces/UX221-lab6/.wordpress/wp-content/plugins/google-site-kit/includes/Core/Authentication/Clients/Client_Factory.php(64): Google\Site_Kit_Dependencies\Google\Client->getHttpClient()
#5 /workspaces/UX221-lab6/.wordpress/wp-content/plugins/google-site-kit/includes/Core/Authentication/Clients/OAuth_Client_Base.php(149): Google\Site_Kit\Core\Authentication\Clients\Client_Factory::create_client(Array)
#6 /workspaces/UX221-lab6/.wordpress/wp-content/plugins/google-site-kit/includes/Core/Util/Health_Checks.php(109): Google\Site_Kit\Core\Authentication\Clients\OAuth_Client_Base->get_client()
#7 /workspaces/UX221-lab6/.wordpress/wp-content/plugins/google-site-kit/includes/Core/Util/Health_Checks.php(86): Google\Site_Kit\Core\Util\Health_Checks->check_google_api()
#8 /workspaces/UX221-lab6/.wordpress/wp-includes/rest-api/class-wp-rest-server.php(1292): Google\Site_Kit\Core\Util\Health_Checks->Google\Site_Kit\Core\Util\{closure}(Object(WP_REST_Request))
#9 /workspaces/UX221-lab6/.wordpress/wp-includes/rest-api/class-wp-rest-server.php(1125): WP_REST_Server->respond_to_request(Object(WP_REST_Request), '/google-site-ki...', Array, NULL)
#10 /workspaces/UX221-lab6/.wordpress/wp-includes/rest-api/class-wp-rest-server.php(439): WP_REST_Server->dispatch(Object(WP_REST_Request))
#11 /workspaces/UX221-lab6/.wordpress/wp-includes/rest-api.php(467): WP_REST_Server->serve_request('/google-site-ki...')
#12 /workspaces/UX221-lab6/.wordpress/wp-includes/class-wp-hook.php(341): rest_api_loaded(Object(WP))
#13 /workspaces/UX221-lab6/.wordpress/wp-includes/class-wp-hook.php(365): WP_Hook->apply_filters('', Array)
#14 /workspaces/UX221-lab6/.wordpress/wp-includes/plugin.php(570): WP_Hook->do_action(Array)
#15 /workspaces/UX221-lab6/.wordpress/wp-includes/class-wp.php(418): do_action_ref_array('parse_request', Array)
#16 /workspaces/UX221-lab6/.wordpress/wp-includes/class-wp.php(821): WP->parse_request('')
#17 /workspaces/UX221-lab6/.wordpress/wp-includes/functions.php(1343): WP->main('')
#18 /workspaces/UX221-lab6/.wordpress/wp-blog-header.php(16): wp()
#19 /workspaces/UX221-lab6/.wordpress/index.php(17): require('/workspaces/UX2...')
#20 {main}
  thrown in /workspaces/UX221-lab6/.wordpress/wp-content/plugins/google-site-kit/third-party/guzzlehttp/guzzle/src/Utils.php on line 93
[20-Mar-2026 18:12:31 UTC] PHP Fatal error:  Uncaught RuntimeException: GuzzleHttp requires cURL, the allow_url_fopen ini setting, or a custom HTTP handler. in /workspaces/UX221-lab6/.wordpress/wp-content/plugins/google-site-kit/third-party/guzzlehttp/guzzle/src/Utils.php:93
Stack trace:
#0 /workspaces/UX221-lab6/.wordpress/wp-content/plugins/google-site-kit/third-party/guzzlehttp/guzzle/src/HandlerStack.php(45): Google\Site_Kit_Dependencies\GuzzleHttp\Utils::chooseHandler()
#1 /workspaces/UX221-lab6/.wordpress/wp-content/plugins/google-site-kit/third-party/guzzlehttp/guzzle/src/Client.php(57): Google\Site_Kit_Dependencies\GuzzleHttp\HandlerStack::create()
#2 /workspaces/UX221-lab6/.wordpress/wp-content/plugins/google-site-kit/third-party/google/apiclient/src/Client.php(1004): Google\Site_Kit_Dependencies\GuzzleHttp\Client->__construct(Array)
#3 /workspaces/UX221-lab6/.wordpress/wp-content/plugins/google-site-kit/third-party/google/apiclient/src/Client.php(966): Google\Site_Kit_Dependencies\Google\Client->createDefaultHttpClient()
#4 /workspaces/UX221-lab6/.wordpress/wp-content/plugins/google-site-kit/includes/Core/Authentication/Clients/Client_Factory.php(64): Google\Site_Kit_Dependencies\Google\Client->getHttpClient()
#5 /workspaces/UX221-lab6/.wordpress/wp-content/plugins/google-site-kit/includes/Core/Authentication/Clients/OAuth_Client_Base.php(149): Google\Site_Kit\Core\Authentication\Clients\Client_Factory::create_client(Array)
#6 /workspaces/UX221-lab6/.wordpress/wp-content/plugins/google-site-kit/includes/Core/Util/Health_Checks.php(109): Google\Site_Kit\Core\Authentication\Clients\OAuth_Client_Base->get_client()
#7 /workspaces/UX221-lab6/.wordpress/wp-content/plugins/google-site-kit/includes/Core/Util/Health_Checks.php(86): Google\Site_Kit\Core\Util\Health_Checks->check_google_api()
#8 /workspaces/UX221-lab6/.wordpress/wp-includes/rest-api/class-wp-rest-server.php(1292): Google\Site_Kit\Core\Util\Health_Checks->Google\Site_Kit\Core\Util\{closure}(Object(WP_REST_Request))
#9 /workspaces/UX221-lab6/.wordpress/wp-includes/rest-api/class-wp-rest-server.php(1125): WP_REST_Server->respond_to_request(Object(WP_REST_Request), '/google-site-ki...', Array, NULL)
#10 /workspaces/UX221-lab6/.wordpress/wp-includes/rest-api/class-wp-rest-server.php(439): WP_REST_Server->dispatch(Object(WP_REST_Request))
#11 /workspaces/UX221-lab6/.wordpress/wp-includes/rest-api.php(467): WP_REST_Server->serve_request('/google-site-ki...')
#12 /workspaces/UX221-lab6/.wordpress/wp-includes/class-wp-hook.php(341): rest_api_loaded(Object(WP))
#13 /workspaces/UX221-lab6/.wordpress/wp-includes/class-wp-hook.php(365): WP_Hook->apply_filters('', Array)
#14 /workspaces/UX221-lab6/.wordpress/wp-includes/plugin.php(570): WP_Hook->do_action(Array)
#15 /workspaces/UX221-lab6/.wordpress/wp-includes/class-wp.php(418): do_action_ref_array('parse_request', Array)
#16 /workspaces/UX221-lab6/.wordpress/wp-includes/class-wp.php(821): WP->parse_request('')
#17 /workspaces/UX221-lab6/.wordpress/wp-includes/functions.php(1343): WP->main('')
#18 /workspaces/UX221-lab6/.wordpress/wp-blog-header.php(16): wp()
#19 /workspaces/UX221-lab6/.wordpress/index.php(17): require('/workspaces/UX2...')
#20 {main}
  thrown in /workspaces/UX221-lab6/.wordpress/wp-content/plugins/google-site-kit/third-party/guzzlehttp/guzzle/src/Utils.php on line 93
[20-Mar-2026 18:16:27 UTC] PHP Fatal error:  Uncaught RuntimeException: GuzzleHttp requires cURL, the allow_url_fopen ini setting, or a custom HTTP handler. in /workspaces/UX221-lab6/.wordpress/wp-content/plugins/google-site-kit/third-party/guzzlehttp/guzzle/src/Utils.php:93
Stack trace:
#0 /workspaces/UX221-lab6/.wordpress/wp-content/plugins/google-site-kit/third-party/guzzlehttp/guzzle/src/HandlerStack.php(45): Google\Site_Kit_Dependencies\GuzzleHttp\Utils::chooseHandler()
#1 /workspaces/UX221-lab6/.wordpress/wp-content/plugins/google-site-kit/third-party/guzzlehttp/guzzle/src/Client.php(57): Google\Site_Kit_Dependencies\GuzzleHttp\HandlerStack::create()
#2 /workspaces/UX221-lab6/.wordpress/wp-content/plugins/google-site-kit/third-party/google/apiclient/src/Client.php(1004): Google\Site_Kit_Dependencies\GuzzleHttp\Client->__construct(Array)
#3 /workspaces/UX221-lab6/.wordpress/wp-content/plugins/google-site-kit/third-party/google/apiclient/src/Client.php(966): Google\Site_Kit_Dependencies\Google\Client->createDefaultHttpClient()
#4 /workspaces/UX221-lab6/.wordpress/wp-content/plugins/google-site-kit/includes/Core/Authentication/Clients/Client_Factory.php(64): Google\Site_Kit_Dependencies\Google\Client->getHttpClient()
#5 /workspaces/UX221-lab6/.wordpress/wp-content/plugins/google-site-kit/includes/Core/Authentication/Clients/OAuth_Client_Base.php(149): Google\Site_Kit\Core\Authentication\Clients\Client_Factory::create_client(Array)
#6 /workspaces/UX221-lab6/.wordpress/wp-content/plugins/google-site-kit/includes/Core/Util/Health_Checks.php(109): Google\Site_Kit\Core\Authentication\Clients\OAuth_Client_Base->get_client()
#7 /workspaces/UX221-lab6/.wordpress/wp-content/plugins/google-site-kit/includes/Core/Util/Health_Checks.php(86): Google\Site_Kit\Core\Util\Health_Checks->check_google_api()
#8 /workspaces/UX221-lab6/.wordpress/wp-includes/rest-api/class-wp-rest-server.php(1292): Google\Site_Kit\Core\Util\Health_Checks->Google\Site_Kit\Core\Util\{closure}(Object(WP_REST_Request))
#9 /workspaces/UX221-lab6/.wordpress/wp-includes/rest-api/class-wp-rest-server.php(1125): WP_REST_Server->respond_to_request(Object(WP_REST_Request), '/google-site-ki...', Array, NULL)
#10 /workspaces/UX221-lab6/.wordpress/wp-includes/rest-api/class-wp-rest-server.php(439): WP_REST_Server->dispatch(Object(WP_REST_Request))
#11 /workspaces/UX221-lab6/.wordpress/wp-includes/rest-api.php(467): WP_REST_Server->serve_request('/google-site-ki...')
#12 /workspaces/UX221-lab6/.wordpress/wp-includes/class-wp-hook.php(341): rest_api_loaded(Object(WP))
#13 /workspaces/UX221-lab6/.wordpress/wp-includes/class-wp-hook.php(365): WP_Hook->apply_filters('', Array)
#14 /workspaces/UX221-lab6/.wordpress/wp-includes/plugin.php(570): WP_Hook->do_action(Array)
#15 /workspaces/UX221-lab6/.wordpress/wp-includes/class-wp.php(418): do_action_ref_array('parse_request', Array)
#16 /workspaces/UX221-lab6/.wordpress/wp-includes/class-wp.php(821): WP->parse_request('')
#17 /workspaces/UX221-lab6/.wordpress/wp-includes/functions.php(1343): WP->main('')
#18 /workspaces/UX221-lab6/.wordpress/wp-blog-header.php(16): wp()
#19 /workspaces/UX221-lab6/.wordpress/index.php(17): require('/workspaces/UX2...')
#20 {main}
  thrown in /workspaces/UX221-lab6/.wordpress/wp-content/plugins/google-site-kit/third-party/guzzlehttp/guzzle/src/Utils.php on line 93
[20-Mar-2026 18:18:43 UTC] PHP Fatal error:  Uncaught RuntimeException: GuzzleHttp requires cURL, the allow_url_fopen ini setting, or a custom HTTP handler. in /workspaces/UX221-lab6/.wordpress/wp-content/plugins/google-site-kit/third-party/guzzlehttp/guzzle/src/Utils.php:93
Stack trace:
#0 /workspaces/UX221-lab6/.wordpress/wp-content/plugins/google-site-kit/third-party/guzzlehttp/guzzle/src/HandlerStack.php(45): Google\Site_Kit_Dependencies\GuzzleHttp\Utils::chooseHandler()
#1 /workspaces/UX221-lab6/.wordpress/wp-content/plugins/google-site-kit/third-party/guzzlehttp/guzzle/src/Client.php(57): Google\Site_Kit_Dependencies\GuzzleHttp\HandlerStack::create()
#2 /workspaces/UX221-lab6/.wordpress/wp-content/plugins/google-site-kit/third-party/google/apiclient/src/Client.php(1004): Google\Site_Kit_Dependencies\GuzzleHttp\Client->__construct(Array)
#3 /workspaces/UX221-lab6/.wordpress/wp-content/plugins/google-site-kit/third-party/google/apiclient/src/Client.php(966): Google\Site_Kit_Dependencies\Google\Client->createDefaultHttpClient()
#4 /workspaces/UX221-lab6/.wordpress/wp-content/plugins/google-site-kit/includes/Core/Authentication/Clients/Client_Factory.php(64): Google\Site_Kit_Dependencies\Google\Client->getHttpClient()
#5 /workspaces/UX221-lab6/.wordpress/wp-content/plugins/google-site-kit/includes/Core/Authentication/Clients/OAuth_Client_Base.php(149): Google\Site_Kit\Core\Authentication\Clients\Client_Factory::create_client(Array)
#6 /workspaces/UX221-lab6/.wordpress/wp-content/plugins/google-site-kit/includes/Core/Util/Health_Checks.php(109): Google\Site_Kit\Core\Authentication\Clients\OAuth_Client_Base->get_client()
#7 /workspaces/UX221-lab6/.wordpress/wp-content/plugins/google-site-kit/includes/Core/Util/Health_Checks.php(86): Google\Site_Kit\Core\Util\Health_Checks->check_google_api()
#8 /workspaces/UX221-lab6/.wordpress/wp-includes/rest-api/class-wp-rest-server.php(1292): Google\Site_Kit\Core\Util\Health_Checks->Google\Site_Kit\Core\Util\{closure}(Object(WP_REST_Request))
#9 /workspaces/UX221-lab6/.wordpress/wp-includes/rest-api/class-wp-rest-server.php(1125): WP_REST_Server->respond_to_request(Object(WP_REST_Request), '/google-site-ki...', Array, NULL)
#10 /workspaces/UX221-lab6/.wordpress/wp-includes/rest-api/class-wp-rest-server.php(439): WP_REST_Server->dispatch(Object(WP_REST_Request))
#11 /workspaces/UX221-lab6/.wordpress/wp-includes/rest-api.php(467): WP_REST_Server->serve_request('/google-site-ki...')
#12 /workspaces/UX221-lab6/.wordpress/wp-includes/class-wp-hook.php(341): rest_api_loaded(Object(WP))
#13 /workspaces/UX221-lab6/.wordpress/wp-includes/class-wp-hook.php(365): WP_Hook->apply_filters('', Array)
#14 /workspaces/UX221-lab6/.wordpress/wp-includes/plugin.php(570): WP_Hook->do_action(Array)
#15 /workspaces/UX221-lab6/.wordpress/wp-includes/class-wp.php(418): do_action_ref_array('parse_request', Array)
#16 /workspaces/UX221-lab6/.wordpress/wp-includes/class-wp.php(821): WP->parse_request('')
#17 /workspaces/UX221-lab6/.wordpress/wp-includes/functions.php(1343): WP->main('')
#18 /workspaces/UX221-lab6/.wordpress/wp-blog-header.php(16): wp()
#19 /workspaces/UX221-lab6/.wordpress/index.php(17): require('/workspaces/UX2...')
#20 {main}
  thrown in /workspaces/UX221-lab6/.wordpress/wp-content/plugins/google-site-kit/third-party/guzzlehttp/guzzle/src/Utils.php on line 93
[20-Mar-2026 18:22:24 UTC] PHP Fatal error:  Uncaught RuntimeException: GuzzleHttp requires cURL, the allow_url_fopen ini setting, or a custom HTTP handler. in /workspaces/UX221-lab6/.wordpress/wp-content/plugins/google-site-kit/third-party/guzzlehttp/guzzle/src/Utils.php:93
Stack trace:
#0 /workspaces/UX221-lab6/.wordpress/wp-content/plugins/google-site-kit/third-party/guzzlehttp/guzzle/src/HandlerStack.php(45): Google\Site_Kit_Dependencies\GuzzleHttp\Utils::chooseHandler()
#1 /workspaces/UX221-lab6/.wordpress/wp-content/plugins/google-site-kit/third-party/guzzlehttp/guzzle/src/Client.php(57): Google\Site_Kit_Dependencies\GuzzleHttp\HandlerStack::create()
#2 /workspaces/UX221-lab6/.wordpress/wp-content/plugins/google-site-kit/third-party/google/apiclient/src/Client.php(1004): Google\Site_Kit_Dependencies\GuzzleHttp\Client->__construct(Array)
#3 /workspaces/UX221-lab6/.wordpress/wp-content/plugins/google-site-kit/third-party/google/apiclient/src/Client.php(966): Google\Site_Kit_Dependencies\Google\Client->createDefaultHttpClient()
#4 /workspaces/UX221-lab6/.wordpress/wp-content/plugins/google-site-kit/includes/Core/Authentication/Clients/Client_Factory.php(64): Google\Site_Kit_Dependencies\Google\Client->getHttpClient()
#5 /workspaces/UX221-lab6/.wordpress/wp-content/plugins/google-site-kit/includes/Core/Authentication/Clients/OAuth_Client_Base.php(149): Google\Site_Kit\Core\Authentication\Clients\Client_Factory::create_client(Array)
#6 /workspaces/UX221-lab6/.wordpress/wp-content/plugins/google-site-kit/includes/Core/Util/Health_Checks.php(109): Google\Site_Kit\Core\Authentication\Clients\OAuth_Client_Base->get_client()
#7 /workspaces/UX221-lab6/.wordpress/wp-content/plugins/google-site-kit/includes/Core/Util/Health_Checks.php(86): Google\Site_Kit\Core\Util\Health_Checks->check_google_api()
#8 /workspaces/UX221-lab6/.wordpress/wp-includes/rest-api/class-wp-rest-server.php(1292): Google\Site_Kit\Core\Util\Health_Checks->Google\Site_Kit\Core\Util\{closure}(Object(WP_REST_Request))
#9 /workspaces/UX221-lab6/.wordpress/wp-includes/rest-api/class-wp-rest-server.php(1125): WP_REST_Server->respond_to_request(Object(WP_REST_Request), '/google-site-ki...', Array, NULL)
#10 /workspaces/UX221-lab6/.wordpress/wp-includes/rest-api/class-wp-rest-server.php(439): WP_REST_Server->dispatch(Object(WP_REST_Request))
#11 /workspaces/UX221-lab6/.wordpress/wp-includes/rest-api.php(467): WP_REST_Server->serve_request('/google-site-ki...')
#12 /workspaces/UX221-lab6/.wordpress/wp-includes/class-wp-hook.php(341): rest_api_loaded(Object(WP))
#13 /workspaces/UX221-lab6/.wordpress/wp-includes/class-wp-hook.php(365): WP_Hook->apply_filters('', Array)
#14 /workspaces/UX221-lab6/.wordpress/wp-includes/plugin.php(570): WP_Hook->do_action(Array)
#15 /workspaces/UX221-lab6/.wordpress/wp-includes/class-wp.php(418): do_action_ref_array('parse_request', Array)
#16 /workspaces/UX221-lab6/.wordpress/wp-includes/class-wp.php(821): WP->parse_request('')
#17 /workspaces/UX221-lab6/.wordpress/wp-includes/functions.php(1343): WP->main('')
#18 /workspaces/UX221-lab6/.wordpress/wp-blog-header.php(16): wp()
#19 /workspaces/UX221-lab6/.wordpress/index.php(17): require('/workspaces/UX2...')
#20 {main}
  thrown in /workspaces/UX221-lab6/.wordpress/wp-content/plugins/google-site-kit/third-party/guzzlehttp/guzzle/src/Utils.php on line 93
